{"C:\\Users\\Asthen\\Downloads\\eeeexp1\\scripts\\test.js":{"path":"C:\\Users\\Asthen\\Downloads\\eeeexp1\\scripts\\test.js","s":{"1":1,"2":1,"3":1,"4":1,"5":1,"6":1,"7":4,"8":1,"9":5,"10":20,"11":1,"12":1,"13":1,"14":1,"15":1,"16":1,"17":1,"18":1,"19":1,"20":10,"21":10,"22":10,"23":1,"24":1,"25":1,"26":1,"27":4,"28":1,"29":4,"30":16,"31":1,"32":1,"33":1,"34":1,"35":1,"36":1,"37":1,"38":1,"39":1,"40":1,"41":1,"42":1,"43":1,"44":100,"45":10000,"46":1,"47":1,"48":1,"49":1,"50":1,"51":1,"52":1,"53":1,"54":1,"55":1,"56":1,"57":1,"58":1,"59":1,"60":1,"61":1,"62":1,"63":1,"64":1,"65":1,"66":10,"67":10,"68":10,"69":100,"70":100,"71":10},"b":{},"f":{"1":1,"2":1,"3":1,"4":1,"5":1,"6":1,"7":1,"8":1,"9":1,"10":1},"fnMap":{"1":{"name":"(anonymous_1)","line":3,"loc":{"start":{"line":3,"column":42},"end":{"line":3,"column":54}}},"2":{"name":"(anonymous_2)","line":4,"loc":{"start":{"line":4,"column":26},"end":{"line":4,"column":38}}},"3":{"name":"(anonymous_3)","line":21,"loc":{"start":{"line":21,"column":39},"end":{"line":21,"column":51}}},"4":{"name":"(anonymous_4)","line":30,"loc":{"start":{"line":30,"column":34},"end":{"line":30,"column":46}}},"5":{"name":"(anonymous_5)","line":31,"loc":{"start":{"line":31,"column":26},"end":{"line":31,"column":38}}},"6":{"name":"(anonymous_6)","line":51,"loc":{"start":{"line":51,"column":35},"end":{"line":51,"column":47}}},"7":{"name":"(anonymous_7)","line":52,"loc":{"start":{"line":52,"column":55},"end":{"line":52,"column":67}}},"8":{"name":"(anonymous_8)","line":61,"loc":{"start":{"line":61,"column":43},"end":{"line":61,"column":55}}},"9":{"name":"(anonymous_9)","line":62,"loc":{"start":{"line":62,"column":35},"end":{"line":62,"column":47}}},"10":{"name":"(anonymous_10)","line":83,"loc":{"start":{"line":83,"column":50},"end":{"line":83,"column":62}}}},"statementMap":{"1":{"start":{"line":1,"column":0},"end":{"line":1,"column":33}},"2":{"start":{"line":2,"column":0},"end":{"line":2,"column":38}},"3":{"start":{"line":3,"column":0},"end":{"line":28,"column":3}},"4":{"start":{"line":4,"column":1},"end":{"line":20,"column":4}},"5":{"start":{"line":5,"column":2},"end":{"line":5,"column":30}},"6":{"start":{"line":6,"column":2},"end":{"line":8,"column":3}},"7":{"start":{"line":7,"column":3},"end":{"line":7,"column":44}},"8":{"start":{"line":9,"column":2},"end":{"line":12,"column":3}},"9":{"start":{"line":10,"column":3},"end":{"line":11,"column":45}},"10":{"start":{"line":11,"column":4},"end":{"line":11,"column":45}},"11":{"start":{"line":13,"column":2},"end":{"line":13,"column":42}},"12":{"start":{"line":14,"column":2},"end":{"line":14,"column":42}},"13":{"start":{"line":15,"column":2},"end":{"line":15,"column":42}},"14":{"start":{"line":16,"column":2},"end":{"line":16,"column":42}},"15":{"start":{"line":17,"column":2},"end":{"line":17,"column":42}},"16":{"start":{"line":18,"column":2},"end":{"line":18,"column":42}},"17":{"start":{"line":19,"column":2},"end":{"line":19,"column":42}},"18":{"start":{"line":21,"column":1},"end":{"line":27,"column":4}},"19":{"start":{"line":22,"column":2},"end":{"line":26,"column":3}},"20":{"start":{"line":23,"column":3},"end":{"line":23,"column":33}},"21":{"start":{"line":24,"column":3},"end":{"line":24,"column":159}},"22":{"start":{"line":25,"column":3},"end":{"line":25,"column":45}},"23":{"start":{"line":30,"column":0},"end":{"line":49,"column":3}},"24":{"start":{"line":31,"column":1},"end":{"line":48,"column":4}},"25":{"start":{"line":32,"column":2},"end":{"line":32,"column":30}},"26":{"start":{"line":33,"column":2},"end":{"line":35,"column":3}},"27":{"start":{"line":34,"column":3},"end":{"line":34,"column":44}},"28":{"start":{"line":36,"column":2},"end":{"line":39,"column":3}},"29":{"start":{"line":37,"column":3},"end":{"line":38,"column":45}},"30":{"start":{"line":38,"column":4},"end":{"line":38,"column":45}},"31":{"start":{"line":40,"column":2},"end":{"line":40,"column":14}},"32":{"start":{"line":41,"column":2},"end":{"line":41,"column":38}},"33":{"start":{"line":42,"column":2},"end":{"line":42,"column":35}},"34":{"start":{"line":43,"column":2},"end":{"line":43,"column":35}},"35":{"start":{"line":44,"column":2},"end":{"line":44,"column":38}},"36":{"start":{"line":45,"column":2},"end":{"line":45,"column":35}},"37":{"start":{"line":46,"column":2},"end":{"line":46,"column":38}},"38":{"start":{"line":47,"column":2},"end":{"line":47,"column":35}},"39":{"start":{"line":51,"column":0},"end":{"line":59,"column":3}},"40":{"start":{"line":52,"column":1},"end":{"line":58,"column":4}},"41":{"start":{"line":53,"column":2},"end":{"line":53,"column":36}},"42":{"start":{"line":54,"column":2},"end":{"line":54,"column":15}},"43":{"start":{"line":55,"column":2},"end":{"line":57,"column":37}},"44":{"start":{"line":56,"column":3},"end":{"line":57,"column":37}},"45":{"start":{"line":57,"column":4},"end":{"line":57,"column":37}},"46":{"start":{"line":61,"column":0},"end":{"line":94,"column":3}},"47":{"start":{"line":62,"column":1},"end":{"line":82,"column":4}},"48":{"start":{"line":63,"column":2},"end":{"line":63,"column":36}},"49":{"start":{"line":64,"column":2},"end":{"line":64,"column":39}},"50":{"start":{"line":65,"column":2},"end":{"line":65,"column":40}},"51":{"start":{"line":66,"column":2},"end":{"line":66,"column":38}},"52":{"start":{"line":68,"column":2},"end":{"line":68,"column":34}},"53":{"start":{"line":69,"column":2},"end":{"line":69,"column":38}},"54":{"start":{"line":70,"column":2},"end":{"line":70,"column":39}},"55":{"start":{"line":71,"column":2},"end":{"line":71,"column":38}},"56":{"start":{"line":73,"column":2},"end":{"line":73,"column":34}},"57":{"start":{"line":74,"column":2},"end":{"line":74,"column":38}},"58":{"start":{"line":75,"column":2},"end":{"line":75,"column":39}},"59":{"start":{"line":76,"column":2},"end":{"line":76,"column":38}},"60":{"start":{"line":78,"column":2},"end":{"line":78,"column":35}},"61":{"start":{"line":79,"column":2},"end":{"line":79,"column":38}},"62":{"start":{"line":80,"column":2},"end":{"line":80,"column":39}},"63":{"start":{"line":81,"column":2},"end":{"line":81,"column":39}},"64":{"start":{"line":83,"column":1},"end":{"line":93,"column":4}},"65":{"start":{"line":84,"column":2},"end":{"line":92,"column":3}},"66":{"start":{"line":85,"column":3},"end":{"line":85,"column":24}},"67":{"start":{"line":86,"column":3},"end":{"line":86,"column":15}},"68":{"start":{"line":87,"column":3},"end":{"line":90,"column":4}},"69":{"start":{"line":88,"column":4},"end":{"line":88,"column":39}},"70":{"start":{"line":89,"column":4},"end":{"line":89,"column":30}},"71":{"start":{"line":91,"column":3},"end":{"line":91,"column":66}}},"branchMap":{}},"C:\\Users\\Asthen\\Downloads\\eeeexp1\\scripts\\logic.js":{"path":"C:\\Users\\Asthen\\Downloads\\eeeexp1\\scripts\\logic.js","s":{"1":1,"2":1,"3":1,"4":1,"5":1,"6":1,"7":1,"8":1,"9":1,"10":100,"11":100,"12":1,"13":61,"14":61,"15":305,"16":30,"17":12,"18":275,"19":31,"20":12,"21":244,"22":103,"23":61,"24":305,"25":33,"26":9,"27":272,"28":29,"29":15,"30":243,"31":109,"32":61,"33":61,"34":61,"35":1,"36":1,"37":5,"38":25,"39":25,"40":25,"41":6,"42":19,"43":10,"44":1,"45":5,"46":25,"47":1,"48":1,"49":100,"50":10000,"51":1,"52":1,"53":117,"54":117,"55":117,"56":117,"57":117,"58":117,"59":10365,"60":1024935,"61":1024935,"62":578649,"63":578649,"64":446286,"65":1,"66":4,"67":1,"68":4,"69":1,"70":4,"71":1,"72":100,"73":1,"74":1,"75":1,"76":1,"77":1,"78":1,"79":1,"80":1,"81":1,"82":1,"83":1,"84":1,"85":1,"86":1,"87":1,"88":1,"89":1},"b":{"1":[30,275],"2":[12,18],"3":[31,244],"4":[12,19],"5":[103,141],"6":[33,272],"7":[9,24],"8":[29,243],"9":[15,14],"10":[109,134],"11":[25,0],"12":[6,19],"13":[10,9],"14":[1024935,0],"15":[578649,446286]},"f":{"1":61,"2":1,"3":1,"4":117,"5":4,"6":4,"7":4,"8":100},"fnMap":{"1":{"name":"getNeighbour","line":13,"loc":{"start":{"line":13,"column":0},"end":{"line":13,"column":27}}},"2":{"name":"grow","line":47,"loc":{"start":{"line":47,"column":0},"end":{"line":47,"column":15}}},"3":{"name":"reset","line":65,"loc":{"start":{"line":65,"column":0},"end":{"line":65,"column":16}}},"4":{"name":"initializeMap","line":73,"loc":{"start":{"line":73,"column":0},"end":{"line":73,"column":32}}},"5":{"name":"returnWidth","line":91,"loc":{"start":{"line":91,"column":0},"end":{"line":91,"column":22}}},"6":{"name":"returnHeight","line":95,"loc":{"start":{"line":95,"column":0},"end":{"line":95,"column":23}}},"7":{"name":"returnRate","line":99,"loc":{"start":{"line":99,"column":0},"end":{"line":99,"column":21}}},"8":{"name":"returnLives","line":103,"loc":{"start":{"line":103,"column":0},"end":{"line":103,"column":22}}}},"statementMap":{"1":{"start":{"line":1,"column":0},"end":{"line":1,"column":14}},"2":{"start":{"line":2,"column":0},"end":{"line":2,"column":14}},"3":{"start":{"line":3,"column":0},"end":{"line":3,"column":30}},"4":{"start":{"line":4,"column":0},"end":{"line":4,"column":25}},"5":{"start":{"line":5,"column":0},"end":{"line":5,"column":29}},"6":{"start":{"line":6,"column":0},"end":{"line":6,"column":22}},"7":{"start":{"line":7,"column":0},"end":{"line":7,"column":15}},"8":{"start":{"line":8,"column":0},"end":{"line":8,"column":13}},"9":{"start":{"line":9,"column":0},"end":{"line":12,"column":1}},"10":{"start":{"line":10,"column":1},"end":{"line":10,"column":25}},"11":{"start":{"line":11,"column":1},"end":{"line":11,"column":29}},"12":{"start":{"line":13,"column":0},"end":{"line":46,"column":1}},"13":{"start":{"line":14,"column":1},"end":{"line":14,"column":13}},"14":{"start":{"line":15,"column":1},"end":{"line":28,"column":2}},"15":{"start":{"line":16,"column":2},"end":{"line":27,"column":12}},"16":{"start":{"line":17,"column":3},"end":{"line":19,"column":4}},"17":{"start":{"line":18,"column":4},"end":{"line":18,"column":13}},"18":{"start":{"line":21,"column":7},"end":{"line":27,"column":12}},"19":{"start":{"line":22,"column":3},"end":{"line":24,"column":4}},"20":{"start":{"line":23,"column":4},"end":{"line":23,"column":13}},"21":{"start":{"line":26,"column":7},"end":{"line":27,"column":12}},"22":{"start":{"line":27,"column":3},"end":{"line":27,"column":12}},"23":{"start":{"line":29,"column":1},"end":{"line":42,"column":2}},"24":{"start":{"line":30,"column":2},"end":{"line":41,"column":12}},"25":{"start":{"line":31,"column":3},"end":{"line":33,"column":4}},"26":{"start":{"line":32,"column":4},"end":{"line":32,"column":13}},"27":{"start":{"line":35,"column":7},"end":{"line":41,"column":12}},"28":{"start":{"line":36,"column":3},"end":{"line":38,"column":4}},"29":{"start":{"line":37,"column":4},"end":{"line":37,"column":13}},"30":{"start":{"line":40,"column":7},"end":{"line":41,"column":12}},"31":{"start":{"line":41,"column":3},"end":{"line":41,"column":12}},"32":{"start":{"line":43,"column":1},"end":{"line":43,"column":18}},"33":{"start":{"line":44,"column":1},"end":{"line":44,"column":18}},"34":{"start":{"line":45,"column":1},"end":{"line":45,"column":12}},"35":{"start":{"line":47,"column":0},"end":{"line":64,"column":1}},"36":{"start":{"line":48,"column":1},"end":{"line":58,"column":2}},"37":{"start":{"line":49,"column":2},"end":{"line":57,"column":3}},"38":{"start":{"line":50,"column":3},"end":{"line":50,"column":29}},"39":{"start":{"line":51,"column":3},"end":{"line":56,"column":4}},"40":{"start":{"line":52,"column":4},"end":{"line":55,"column":23}},"41":{"start":{"line":53,"column":5},"end":{"line":53,"column":23}},"42":{"start":{"line":54,"column":9},"end":{"line":55,"column":23}},"43":{"start":{"line":55,"column":5},"end":{"line":55,"column":23}},"44":{"start":{"line":59,"column":1},"end":{"line":63,"column":2}},"45":{"start":{"line":60,"column":2},"end":{"line":62,"column":3}},"46":{"start":{"line":61,"column":3},"end":{"line":61,"column":29}},"47":{"start":{"line":65,"column":0},"end":{"line":72,"column":1}},"48":{"start":{"line":66,"column":1},"end":{"line":69,"column":3}},"49":{"start":{"line":67,"column":2},"end":{"line":69,"column":3}},"50":{"start":{"line":68,"column":3},"end":{"line":68,"column":17}},"51":{"start":{"line":70,"column":2},"end":{"line":70,"column":11}},"52":{"start":{"line":73,"column":0},"end":{"line":89,"column":1}},"53":{"start":{"line":74,"column":1},"end":{"line":74,"column":10}},"54":{"start":{"line":75,"column":1},"end":{"line":75,"column":11}},"55":{"start":{"line":76,"column":1},"end":{"line":76,"column":12}},"56":{"start":{"line":77,"column":1},"end":{"line":77,"column":10}},"57":{"start":{"line":78,"column":1},"end":{"line":78,"column":11}},"58":{"start":{"line":79,"column":1},"end":{"line":87,"column":4}},"59":{"start":{"line":80,"column":2},"end":{"line":87,"column":4}},"60":{"start":{"line":81,"column":3},"end":{"line":87,"column":4}},"61":{"start":{"line":82,"column":4},"end":{"line":86,"column":23}},"62":{"start":{"line":83,"column":5},"end":{"line":83,"column":19}},"63":{"start":{"line":84,"column":5},"end":{"line":84,"column":16}},"64":{"start":{"line":86,"column":9},"end":{"line":86,"column":23}},"65":{"start":{"line":91,"column":0},"end":{"line":93,"column":1}},"66":{"start":{"line":92,"column":1},"end":{"line":92,"column":14}},"67":{"start":{"line":95,"column":0},"end":{"line":97,"column":1}},"68":{"start":{"line":96,"column":1},"end":{"line":96,"column":15}},"69":{"start":{"line":99,"column":0},"end":{"line":101,"column":1}},"70":{"start":{"line":100,"column":1},"end":{"line":100,"column":13}},"71":{"start":{"line":103,"column":0},"end":{"line":105,"column":1}},"72":{"start":{"line":104,"column":1},"end":{"line":104,"column":14}},"73":{"start":{"line":107,"column":0},"end":{"line":107,"column":29}},"74":{"start":{"line":108,"column":0},"end":{"line":108,"column":29}},"75":{"start":{"line":109,"column":0},"end":{"line":109,"column":29}},"76":{"start":{"line":110,"column":0},"end":{"line":110,"column":31}},"77":{"start":{"line":111,"column":0},"end":{"line":111,"column":25}},"78":{"start":{"line":112,"column":0},"end":{"line":112,"column":33}},"79":{"start":{"line":113,"column":0},"end":{"line":113,"column":41}},"80":{"start":{"line":114,"column":0},"end":{"line":114,"column":27}},"81":{"start":{"line":115,"column":0},"end":{"line":115,"column":27}},"82":{"start":{"line":117,"column":0},"end":{"line":117,"column":43}},"83":{"start":{"line":118,"column":0},"end":{"line":118,"column":27}},"84":{"start":{"line":119,"column":0},"end":{"line":119,"column":29}},"85":{"start":{"line":120,"column":0},"end":{"line":120,"column":45}},"86":{"start":{"line":122,"column":0},"end":{"line":122,"column":41}},"87":{"start":{"line":123,"column":0},"end":{"line":123,"column":43}},"88":{"start":{"line":124,"column":0},"end":{"line":124,"column":39}},"89":{"start":{"line":125,"column":0},"end":{"line":125,"column":41}}},"branchMap":{"1":{"line":16,"type":"if","locations":[{"start":{"line":16,"column":2},"end":{"line":16,"column":2}},{"start":{"line":16,"column":2},"end":{"line":16,"column":2}}]},"2":{"line":17,"type":"if","locations":[{"start":{"line":17,"column":3},"end":{"line":17,"column":3}},{"start":{"line":17,"column":3},"end":{"line":17,"column":3}}]},"3":{"line":21,"type":"if","locations":[{"start":{"line":21,"column":7},"end":{"line":21,"column":7}},{"start":{"line":21,"column":7},"end":{"line":21,"column":7}}]},"4":{"line":22,"type":"if","locations":[{"start":{"line":22,"column":3},"end":{"line":22,"column":3}},{"start":{"line":22,"column":3},"end":{"line":22,"column":3}}]},"5":{"line":26,"type":"if","locations":[{"start":{"line":26,"column":7},"end":{"line":26,"column":7}},{"start":{"line":26,"column":7},"end":{"line":26,"column":7}}]},"6":{"line":30,"type":"if","locations":[{"start":{"line":30,"column":2},"end":{"line":30,"column":2}},{"start":{"line":30,"column":2},"end":{"line":30,"column":2}}]},"7":{"line":31,"type":"if","locations":[{"start":{"line":31,"column":3},"end":{"line":31,"column":3}},{"start":{"line":31,"column":3},"end":{"line":31,"column":3}}]},"8":{"line":35,"type":"if","locations":[{"start":{"line":35,"column":7},"end":{"line":35,"column":7}},{"start":{"line":35,"column":7},"end":{"line":35,"column":7}}]},"9":{"line":36,"type":"if","locations":[{"start":{"line":36,"column":3},"end":{"line":36,"column":3}},{"start":{"line":36,"column":3},"end":{"line":36,"column":3}}]},"10":{"line":40,"type":"if","locations":[{"start":{"line":40,"column":7},"end":{"line":40,"column":7}},{"start":{"line":40,"column":7},"end":{"line":40,"column":7}}]},"11":{"line":51,"type":"if","locations":[{"start":{"line":51,"column":3},"end":{"line":51,"column":3}},{"start":{"line":51,"column":3},"end":{"line":51,"column":3}}]},"12":{"line":52,"type":"if","locations":[{"start":{"line":52,"column":4},"end":{"line":52,"column":4}},{"start":{"line":52,"column":4},"end":{"line":52,"column":4}}]},"13":{"line":54,"type":"if","locations":[{"start":{"line":54,"column":9},"end":{"line":54,"column":9}},{"start":{"line":54,"column":9},"end":{"line":54,"column":9}}]},"14":{"line":81,"type":"if","locations":[{"start":{"line":81,"column":3},"end":{"line":81,"column":3}},{"start":{"line":81,"column":3},"end":{"line":81,"column":3}}]},"15":{"line":82,"type":"if","locations":[{"start":{"line":82,"column":4},"end":{"line":82,"column":4}},{"start":{"line":82,"column":4},"end":{"line":82,"column":4}}]}}}}