TN:
SF:C:\Users\Asthen\Downloads\eeeexp1\scripts\test.js
FN:3,(anonymous_1)
FN:4,(anonymous_2)
FN:21,(anonymous_3)
FN:30,(anonymous_4)
FN:31,(anonymous_5)
FN:51,(anonymous_6)
FN:52,(anonymous_7)
FN:61,(anonymous_8)
FN:62,(anonymous_9)
FN:83,(anonymous_10)
FNF:10
FNH:10
FNDA:1,(anonymous_1)
FNDA:1,(anonymous_2)
FNDA:1,(anonymous_3)
FNDA:1,(anonymous_4)
FNDA:1,(anonymous_5)
FNDA:1,(anonymous_6)
FNDA:1,(anonymous_7)
FNDA:1,(anonymous_8)
FNDA:1,(anonymous_9)
FNDA:1,(anonymous_10)
DA:1,1
DA:2,1
DA:3,1
DA:4,1
DA:5,1
DA:6,1
DA:7,4
DA:9,1
DA:10,5
DA:11,20
DA:13,1
DA:14,1
DA:15,1
DA:16,1
DA:17,1
DA:18,1
DA:19,1
DA:21,1
DA:22,1
DA:23,10
DA:24,10
DA:25,10
DA:30,1
DA:31,1
DA:32,1
DA:33,1
DA:34,4
DA:36,1
DA:37,4
DA:38,16
DA:40,1
DA:41,1
DA:42,1
DA:43,1
DA:44,1
DA:45,1
DA:46,1
DA:47,1
DA:51,1
DA:52,1
DA:53,1
DA:54,1
DA:55,1
DA:56,100
DA:57,10000
DA:61,1
DA:62,1
DA:63,1
DA:64,1
DA:65,1
DA:66,1
DA:68,1
DA:69,1
DA:70,1
DA:71,1
DA:73,1
DA:74,1
DA:75,1
DA:76,1
DA:78,1
DA:79,1
DA:80,1
DA:81,1
DA:83,1
DA:84,1
DA:85,10
DA:86,10
DA:87,10
DA:88,100
DA:89,100
DA:91,10
LF:71
LH:71
BRF:0
BRH:0
end_of_record
TN:
SF:C:\Users\Asthen\Downloads\eeeexp1\scripts\logic.js
FN:13,getNeighbour
FN:47,grow
FN:65,reset
FN:73,initializeMap
FN:91,returnWidth
FN:95,returnHeight
FN:99,returnRate
FN:103,returnLives
FNF:8
FNH:8
FNDA:61,getNeighbour
FNDA:1,grow
FNDA:1,reset
FNDA:117,initializeMap
FNDA:4,returnWidth
FNDA:4,returnHeight
FNDA:4,returnRate
FNDA:100,returnLives
DA:1,1
DA:2,1
DA:3,1
DA:4,1
DA:5,1
DA:6,1
DA:7,1
DA:8,1
DA:9,1
DA:10,100
DA:11,100
DA:13,1
DA:14,61
DA:15,61
DA:16,305
DA:17,30
DA:18,12
DA:21,275
DA:22,31
DA:23,12
DA:26,244
DA:27,103
DA:29,61
DA:30,305
DA:31,33
DA:32,9
DA:35,272
DA:36,29
DA:37,15
DA:40,243
DA:41,109
DA:43,61
DA:44,61
DA:45,61
DA:47,1
DA:48,1
DA:49,5
DA:50,25
DA:51,25
DA:52,25
DA:53,6
DA:54,19
DA:55,10
DA:59,1
DA:60,5
DA:61,25
DA:65,1
DA:66,1
DA:67,100
DA:68,10000
DA:70,1
DA:73,1
DA:74,117
DA:75,117
DA:76,117
DA:77,117
DA:78,117
DA:79,117
DA:80,10365
DA:81,1024935
DA:82,1024935
DA:83,578649
DA:84,578649
DA:86,446286
DA:91,1
DA:92,4
DA:95,1
DA:96,4
DA:99,1
DA:100,4
DA:103,1
DA:104,100
DA:107,1
DA:108,1
DA:109,1
DA:110,1
DA:111,1
DA:112,1
DA:113,1
DA:114,1
DA:115,1
DA:117,1
DA:118,1
DA:119,1
DA:120,1
DA:122,1
DA:123,1
DA:124,1
DA:125,1
LF:89
LH:89
BRDA:16,1,0,30
BRDA:16,1,1,275
BRDA:17,2,0,12
BRDA:17,2,1,18
BRDA:21,3,0,31
BRDA:21,3,1,244
BRDA:22,4,0,12
BRDA:22,4,1,19
BRDA:26,5,0,103
BRDA:26,5,1,141
BRDA:30,6,0,33
BRDA:30,6,1,272
BRDA:31,7,0,9
BRDA:31,7,1,24
BRDA:35,8,0,29
BRDA:35,8,1,243
BRDA:36,9,0,15
BRDA:36,9,1,14
BRDA:40,10,0,109
BRDA:40,10,1,134
BRDA:51,11,0,25
BRDA:51,11,1,0
BRDA:52,12,0,6
BRDA:52,12,1,19
BRDA:54,13,0,10
BRDA:54,13,1,9
BRDA:81,14,0,1024935
BRDA:81,14,1,0
BRDA:82,15,0,578649
BRDA:82,15,1,446286
BRF:30
BRH:28
end_of_record
